<?xml version="1.0" encoding="UTF-8"?>
<testsuite xmlns:xsi="http://www.w3.org/2001/XMLSchema-instance" xsi:noNamespaceSchemaLocation="https://maven.apache.org/surefire/maven-surefire-plugin/xsd/surefire-test-report-3.0.xsd" version="3.0" name="org.apache.arrow.flight.spark.TestConnector" time="4.119" tests="4" errors="0" skipped="0" failures="0">
  <properties>
    <property name="gopherProxySet" value="false"/>
    <property name="awt.toolkit" value="sun.lwawt.macosx.LWCToolkit"/>
    <property name="file.encoding.pkg" value="sun.io"/>
    <property name="java.specification.version" value="1.8"/>
    <property name="sun.cpu.isalist" value=""/>
    <property name="sun.jnu.encoding" value="UTF-8"/>
    <property name="java.class.path" value="/Users/edwinchen/workplace/flight-spark-source-2/target/test-classes:/Users/edwinchen/workplace/flight-spark-source-2/target/classes:/Users/edwinchen/.m2/repository/org/apache/commons/commons-lang3/3.12.0/commons-lang3-3.12.0.jar:/Users/edwinchen/.m2/repository/org/apache/spark/spark-core_2.12/3.2.3/spark-core_2.12-3.2.3.jar:/Users/edwinchen/.m2/repository/org/apache/avro/avro/1.10.2/avro-1.10.2.jar:/Users/edwinchen/.m2/repository/com/fasterxml/jackson/core/jackson-core/2.12.2/jackson-core-2.12.2.jar:/Users/edwinchen/.m2/repository/org/apache/commons/commons-compress/1.20/commons-compress-1.20.jar:/Users/edwinchen/.m2/repository/org/apache/avro/avro-mapred/1.10.2/avro-mapred-1.10.2.jar:/Users/edwinchen/.m2/repository/org/apache/avro/avro-ipc/1.10.2/avro-ipc-1.10.2.jar:/Users/edwinchen/.m2/repository/org/tukaani/xz/1.8/xz-1.8.jar:/Users/edwinchen/.m2/repository/com/twitter/chill_2.12/0.10.0/chill_2.12-0.10.0.jar:/Users/edwinchen/.m2/repository/com/esotericsoftware/kryo-shaded/4.0.2/kryo-shaded-4.0.2.jar:/Users/edwinchen/.m2/repository/com/esotericsoftware/minlog/1.3.0/minlog-1.3.0.jar:/Users/edwinchen/.m2/repository/com/twitter/chill-java/0.10.0/chill-java-0.10.0.jar:/Users/edwinchen/.m2/repository/org/apache/xbean/xbean-asm9-shaded/4.20/xbean-asm9-shaded-4.20.jar:/Users/edwinchen/.m2/repository/org/apache/hadoop/hadoop-client-api/3.3.1/hadoop-client-api-3.3.1.jar:/Users/edwinchen/.m2/repository/org/apache/hadoop/hadoop-client-runtime/3.3.1/hadoop-client-runtime-3.3.1.jar:/Users/edwinchen/.m2/repository/org/apache/htrace/htrace-core4/4.1.0-incubating/htrace-core4-4.1.0-incubating.jar:/Users/edwinchen/.m2/repository/org/apache/spark/spark-launcher_2.12/3.2.3/spark-launcher_2.12-3.2.3.jar:/Users/edwinchen/.m2/repository/org/apache/spark/spark-kvstore_2.12/3.2.3/spark-kvstore_2.12-3.2.3.jar:/Users/edwinchen/.m2/repository/org/fusesource/leveldbjni/leveldbjni-all/1.8/leveldbjni-all-1.8.jar:/Users/edwinchen/.m2/repository/com/fasterxml/jackson/core/jackson-annotations/2.12.3/jackson-annotations-2.12.3.jar:/Users/edwinchen/.m2/repository/org/apache/spark/spark-network-common_2.12/3.2.3/spark-network-common_2.12-3.2.3.jar:/Users/edwinchen/.m2/repository/com/google/crypto/tink/tink/1.6.0/tink-1.6.0.jar:/Users/edwinchen/.m2/repository/org/apache/spark/spark-network-shuffle_2.12/3.2.3/spark-network-shuffle_2.12-3.2.3.jar:/Users/edwinchen/.m2/repository/org/apache/spark/spark-unsafe_2.12/3.2.3/spark-unsafe_2.12-3.2.3.jar:/Users/edwinchen/.m2/repository/javax/activation/activation/1.1.1/activation-1.1.1.jar:/Users/edwinchen/.m2/repository/org/apache/curator/curator-recipes/2.13.0/curator-recipes-2.13.0.jar:/Users/edwinchen/.m2/repository/org/apache/curator/curator-framework/2.13.0/curator-framework-2.13.0.jar:/Users/edwinchen/.m2/repository/org/apache/curator/curator-client/2.13.0/curator-client-2.13.0.jar:/Users/edwinchen/.m2/repository/org/apache/zookeeper/zookeeper/3.6.2/zookeeper-3.6.2.jar:/Users/edwinchen/.m2/repository/commons-lang/commons-lang/2.6/commons-lang-2.6.jar:/Users/edwinchen/.m2/repository/org/apache/zookeeper/zookeeper-jute/3.6.2/zookeeper-jute-3.6.2.jar:/Users/edwinchen/.m2/repository/org/apache/yetus/audience-annotations/0.5.0/audience-annotations-0.5.0.jar:/Users/edwinchen/.m2/repository/jakarta/servlet/jakarta.servlet-api/4.0.3/jakarta.servlet-api-4.0.3.jar:/Users/edwinchen/.m2/repository/commons-codec/commons-codec/1.15/commons-codec-1.15.jar:/Users/edwinchen/.m2/repository/org/apache/commons/commons-math3/3.4.1/commons-math3-3.4.1.jar:/Users/edwinchen/.m2/repository/org/apache/commons/commons-text/1.10.0/commons-text-1.10.0.jar:/Users/edwinchen/.m2/repository/commons-io/commons-io/2.8.0/commons-io-2.8.0.jar:/Users/edwinchen/.m2/repository/commons-collections/commons-collections/3.2.2/commons-collections-3.2.2.jar:/Users/edwinchen/.m2/repository/com/google/code/findbugs/jsr305/3.0.0/jsr305-3.0.0.jar:/Users/edwinchen/.m2/repository/org/slf4j/slf4j-api/1.7.30/slf4j-api-1.7.30.jar:/Users/edwinchen/.m2/repository/com/ning/compress-lzf/1.0.3/compress-lzf-1.0.3.jar:/Users/edwinchen/.m2/repository/org/xerial/snappy/snappy-java/1.1.8.4/snappy-java-1.1.8.4.jar:/Users/edwinchen/.m2/repository/org/lz4/lz4-java/1.7.1/lz4-java-1.7.1.jar:/Users/edwinchen/.m2/repository/com/github/luben/zstd-jni/1.5.0-4/zstd-jni-1.5.0-4.jar:/Users/edwinchen/.m2/repository/org/roaringbitmap/RoaringBitmap/0.9.0/RoaringBitmap-0.9.0.jar:/Users/edwinchen/.m2/repository/org/roaringbitmap/shims/0.9.0/shims-0.9.0.jar:/Users/edwinchen/.m2/repository/commons-net/commons-net/3.1/commons-net-3.1.jar:/Users/edwinchen/.m2/repository/org/scala-lang/modules/scala-xml_2.12/1.2.0/scala-xml_2.12-1.2.0.jar:/Users/edwinchen/.m2/repository/org/scala-lang/scala-reflect/2.12.15/scala-reflect-2.12.15.jar:/Users/edwinchen/.m2/repository/org/json4s/json4s-jackson_2.12/3.7.0-M11/json4s-jackson_2.12-3.7.0-M11.jar:/Users/edwinchen/.m2/repository/org/json4s/json4s-core_2.12/3.7.0-M11/json4s-core_2.12-3.7.0-M11.jar:/Users/edwinchen/.m2/repository/org/json4s/json4s-ast_2.12/3.7.0-M11/json4s-ast_2.12-3.7.0-M11.jar:/Users/edwinchen/.m2/repository/org/json4s/json4s-scalap_2.12/3.7.0-M11/json4s-scalap_2.12-3.7.0-M11.jar:/Users/edwinchen/.m2/repository/org/glassfish/jersey/core/jersey-client/2.34/jersey-client-2.34.jar:/Users/edwinchen/.m2/repository/jakarta/ws/rs/jakarta.ws.rs-api/2.1.6/jakarta.ws.rs-api-2.1.6.jar:/Users/edwinchen/.m2/repository/org/glassfish/hk2/external/jakarta.inject/2.6.1/jakarta.inject-2.6.1.jar:/Users/edwinchen/.m2/repository/org/glassfish/jersey/core/jersey-common/2.34/jersey-common-2.34.jar:/Users/edwinchen/.m2/repository/jakarta/annotation/jakarta.annotation-api/1.3.5/jakarta.annotation-api-1.3.5.jar:/Users/edwinchen/.m2/repository/org/glassfish/hk2/osgi-resource-locator/1.0.3/osgi-resource-locator-1.0.3.jar:/Users/edwinchen/.m2/repository/org/glassfish/jersey/core/jersey-server/2.34/jersey-server-2.34.jar:/Users/edwinchen/.m2/repository/jakarta/validation/jakarta.validation-api/2.0.2/jakarta.validation-api-2.0.2.jar:/Users/edwinchen/.m2/repository/org/glassfish/jersey/containers/jersey-container-servlet/2.34/jersey-container-servlet-2.34.jar:/Users/edwinchen/.m2/repository/org/glassfish/jersey/containers/jersey-container-servlet-core/2.34/jersey-container-servlet-core-2.34.jar:/Users/edwinchen/.m2/repository/org/glassfish/jersey/inject/jersey-hk2/2.34/jersey-hk2-2.34.jar:/Users/edwinchen/.m2/repository/org/glassfish/hk2/hk2-locator/2.6.1/hk2-locator-2.6.1.jar:/Users/edwinchen/.m2/repository/org/glassfish/hk2/external/aopalliance-repackaged/2.6.1/aopalliance-repackaged-2.6.1.jar:/Users/edwinchen/.m2/repository/org/glassfish/hk2/hk2-api/2.6.1/hk2-api-2.6.1.jar:/Users/edwinchen/.m2/repository/org/glassfish/hk2/hk2-utils/2.6.1/hk2-utils-2.6.1.jar:/Users/edwinchen/.m2/repository/org/javassist/javassist/3.25.0-GA/javassist-3.25.0-GA.jar:/Users/edwinchen/.m2/repository/io/netty/netty-all/4.1.68.Final/netty-all-4.1.68.Final.jar:/Users/edwinchen/.m2/repository/com/clearspring/analytics/stream/2.9.6/stream-2.9.6.jar:/Users/edwinchen/.m2/repository/io/dropwizard/metrics/metrics-core/4.2.0/metrics-core-4.2.0.jar:/Users/edwinchen/.m2/repository/io/dropwizard/metrics/metrics-jvm/4.2.0/metrics-jvm-4.2.0.jar:/Users/edwinchen/.m2/repository/io/dropwizard/metrics/metrics-json/4.2.0/metrics-json-4.2.0.jar:/Users/edwinchen/.m2/repository/io/dropwizard/metrics/metrics-graphite/4.2.0/metrics-graphite-4.2.0.jar:/Users/edwinchen/.m2/repository/io/dropwizard/metrics/metrics-jmx/4.2.0/metrics-jmx-4.2.0.jar:/Users/edwinchen/.m2/repository/com/fasterxml/jackson/core/jackson-databind/2.12.3/jackson-databind-2.12.3.jar:/Users/edwinchen/.m2/repository/com/fasterxml/jackson/module/jackson-module-scala_2.12/2.12.3/jackson-module-scala_2.12-2.12.3.jar:/Users/edwinchen/.m2/repository/com/thoughtworks/paranamer/paranamer/2.8/paranamer-2.8.jar:/Users/edwinchen/.m2/repository/org/apache/ivy/ivy/2.5.0/ivy-2.5.0.jar:/Users/edwinchen/.m2/repository/oro/oro/2.0.8/oro-2.0.8.jar:/Users/edwinchen/.m2/repository/net/razorvine/pyrolite/4.30/pyrolite-4.30.jar:/Users/edwinchen/.m2/repository/net/sf/py4j/py4j/0.10.9.5/py4j-0.10.9.5.jar:/Users/edwinchen/.m2/repository/org/apache/spark/spark-tags_2.12/3.2.3/spark-tags_2.12-3.2.3.jar:/Users/edwinchen/.m2/repository/org/apache/commons/commons-crypto/1.1.0/commons-crypto-1.1.0.jar:/Users/edwinchen/.m2/repository/org/spark-project/spark/unused/1.0.0/unused-1.0.0.jar:/Users/edwinchen/.m2/repository/org/apache/spark/spark-sql_2.12/3.2.3/spark-sql_2.12-3.2.3.jar:/Users/edwinchen/.m2/repository/org/rocksdb/rocksdbjni/6.20.3/rocksdbjni-6.20.3.jar:/Users/edwinchen/.m2/repository/com/univocity/univocity-parsers/2.9.1/univocity-parsers-2.9.1.jar:/Users/edwinchen/.m2/repository/org/apache/spark/spark-sketch_2.12/3.2.3/spark-sketch_2.12-3.2.3.jar:/Users/edwinchen/.m2/repository/org/apache/spark/spark-catalyst_2.12/3.2.3/spark-catalyst_2.12-3.2.3.jar:/Users/edwinchen/.m2/repository/org/scala-lang/modules/scala-parser-combinators_2.12/1.1.2/scala-parser-combinators_2.12-1.1.2.jar:/Users/edwinchen/.m2/repository/org/codehaus/janino/janino/3.0.16/janino-3.0.16.jar:/Users/edwinchen/.m2/repository/org/codehaus/janino/commons-compiler/3.0.16/commons-compiler-3.0.16.jar:/Users/edwinchen/.m2/repository/org/antlr/antlr4-runtime/4.8/antlr4-runtime-4.8.jar:/Users/edwinchen/.m2/repository/javax/xml/bind/jaxb-api/2.2.11/jaxb-api-2.2.11.jar:/Users/edwinchen/.m2/repository/org/apache/orc/orc-core/1.6.14/orc-core-1.6.14.jar:/Users/edwinchen/.m2/repository/org/apache/orc/orc-shims/1.6.14/orc-shims-1.6.14.jar:/Users/edwinchen/.m2/repository/io/airlift/aircompressor/0.21/aircompressor-0.21.jar:/Users/edwinchen/.m2/repository/org/jetbrains/annotations/17.0.0/annotations-17.0.0.jar:/Users/edwinchen/.m2/repository/org/threeten/threeten-extra/1.5.0/threeten-extra-1.5.0.jar:/Users/edwinchen/.m2/repository/org/apache/orc/orc-mapreduce/1.6.14/orc-mapreduce-1.6.14.jar:/Users/edwinchen/.m2/repository/org/apache/hive/hive-storage-api/2.7.2/hive-storage-api-2.7.2.jar:/Users/edwinchen/.m2/repository/org/apache/parquet/parquet-column/1.12.2/parquet-column-1.12.2.jar:/Users/edwinchen/.m2/repository/org/apache/parquet/parquet-common/1.12.2/parquet-common-1.12.2.jar:/Users/edwinchen/.m2/repository/org/apache/parquet/parquet-encoding/1.12.2/parquet-encoding-1.12.2.jar:/Users/edwinchen/.m2/repository/org/apache/parquet/parquet-hadoop/1.12.2/parquet-hadoop-1.12.2.jar:/Users/edwinchen/.m2/repository/org/apache/parquet/parquet-format-structures/1.12.2/parquet-format-structures-1.12.2.jar:/Users/edwinchen/.m2/repository/org/apache/parquet/parquet-jackson/1.12.2/parquet-jackson-1.12.2.jar:/Users/edwinchen/.m2/repository/org/apache/arrow/flight-core/9.0.0/flight-core-9.0.0.jar:/Users/edwinchen/.m2/repository/org/apache/arrow/arrow-format/9.0.0/arrow-format-9.0.0.jar:/Users/edwinchen/.m2/repository/com/google/flatbuffers/flatbuffers-java/1.12.0/flatbuffers-java-1.12.0.jar:/Users/edwinchen/.m2/repository/org/apache/arrow/arrow-vector/9.0.0/arrow-vector-9.0.0.jar:/Users/edwinchen/.m2/repository/com/fasterxml/jackson/datatype/jackson-datatype-jsr310/2.13.2/jackson-datatype-jsr310-2.13.2.jar:/Users/edwinchen/.m2/repository/org/apache/arrow/arrow-memory-core/9.0.0/arrow-memory-core-9.0.0.jar:/Users/edwinchen/.m2/repository/org/apache/arrow/arrow-memory-netty/9.0.0/arrow-memory-netty-9.0.0.jar:/Users/edwinchen/.m2/repository/io/grpc/grpc-netty/1.47.0/grpc-netty-1.47.0.jar:/Users/edwinchen/.m2/repository/io/netty/netty-codec-http2/4.1.72.Final/netty-codec-http2-4.1.72.Final.jar:/Users/edwinchen/.m2/repository/io/netty/netty-codec-http/4.1.72.Final/netty-codec-http-4.1.72.Final.jar:/Users/edwinchen/.m2/repository/io/netty/netty-handler-proxy/4.1.72.Final/netty-handler-proxy-4.1.72.Final.jar:/Users/edwinchen/.m2/repository/io/netty/netty-codec-socks/4.1.72.Final/netty-codec-socks-4.1.72.Final.jar:/Users/edwinchen/.m2/repository/com/google/errorprone/error_prone_annotations/2.10.0/error_prone_annotations-2.10.0.jar:/Users/edwinchen/.m2/repository/io/perfmark/perfmark-api/0.25.0/perfmark-api-0.25.0.jar:/Users/edwinchen/.m2/repository/io/netty/netty-transport-native-unix-common/4.1.72.Final/netty-transport-native-unix-common-4.1.72.Final.jar:/Users/edwinchen/.m2/repository/io/grpc/grpc-core/1.47.0/grpc-core-1.47.0.jar:/Users/edwinchen/.m2/repository/com/google/code/gson/gson/2.9.0/gson-2.9.0.jar:/Users/edwinchen/.m2/repository/com/google/android/annotations/4.1.1.4/annotations-4.1.1.4.jar:/Users/edwinchen/.m2/repository/org/codehaus/mojo/animal-sniffer-annotations/1.19/animal-sniffer-annotations-1.19.jar:/Users/edwinchen/.m2/repository/io/grpc/grpc-context/1.47.0/grpc-context-1.47.0.jar:/Users/edwinchen/.m2/repository/io/grpc/grpc-protobuf/1.47.0/grpc-protobuf-1.47.0.jar:/Users/edwinchen/.m2/repository/com/google/api/grpc/proto-google-common-protos/2.0.1/proto-google-common-protos-2.0.1.jar:/Users/edwinchen/.m2/repository/io/grpc/grpc-protobuf-lite/1.47.0/grpc-protobuf-lite-1.47.0.jar:/Users/edwinchen/.m2/repository/io/netty/netty-tcnative-boringssl-static/2.0.53.Final/netty-tcnative-boringssl-static-2.0.53.Final.jar:/Users/edwinchen/.m2/repository/io/netty/netty-tcnative-classes/2.0.53.Final/netty-tcnative-classes-2.0.53.Final.jar:/Users/edwinchen/.m2/repository/io/netty/netty-tcnative-boringssl-static/2.0.53.Final/netty-tcnative-boringssl-static-2.0.53.Final-linux-x86_64.jar:/Users/edwinchen/.m2/repository/io/netty/netty-tcnative-boringssl-static/2.0.53.Final/netty-tcnative-boringssl-static-2.0.53.Final-linux-aarch_64.jar:/Users/edwinchen/.m2/repository/io/netty/netty-tcnative-boringssl-static/2.0.53.Final/netty-tcnative-boringssl-static-2.0.53.Final-osx-x86_64.jar:/Users/edwinchen/.m2/repository/io/netty/netty-tcnative-boringssl-static/2.0.53.Final/netty-tcnative-boringssl-static-2.0.53.Final-osx-aarch_64.jar:/Users/edwinchen/.m2/repository/io/netty/netty-tcnative-boringssl-static/2.0.53.Final/netty-tcnative-boringssl-static-2.0.53.Final-windows-x86_64.jar:/Users/edwinchen/.m2/repository/io/netty/netty-buffer/4.1.78.Final/netty-buffer-4.1.78.Final.jar:/Users/edwinchen/.m2/repository/io/netty/netty-handler/4.1.78.Final/netty-handler-4.1.78.Final.jar:/Users/edwinchen/.m2/repository/io/netty/netty-resolver/4.1.78.Final/netty-resolver-4.1.78.Final.jar:/Users/edwinchen/.m2/repository/io/netty/netty-codec/4.1.78.Final/netty-codec-4.1.78.Final.jar:/Users/edwinchen/.m2/repository/io/netty/netty-transport/4.1.78.Final/netty-transport-4.1.78.Final.jar:/Users/edwinchen/.m2/repository/com/google/guava/guava/30.1.1-jre/guava-30.1.1-jre.jar:/Users/edwinchen/.m2/repository/com/google/guava/failureaccess/1.0.1/failureaccess-1.0.1.jar:/Users/edwinchen/.m2/repository/com/google/guava/listenablefuture/9999.0-empty-to-avoid-conflict-with-guava/listenablefuture-9999.0-empty-to-avoid-conflict-with-guava.jar:/Users/edwinchen/.m2/repository/org/checkerframework/checker-qual/3.8.0/checker-qual-3.8.0.jar:/Users/edwinchen/.m2/repository/com/google/j2objc/j2objc-annotations/1.3/j2objc-annotations-1.3.jar:/Users/edwinchen/.m2/repository/io/grpc/grpc-stub/1.47.0/grpc-stub-1.47.0.jar:/Users/edwinchen/.m2/repository/com/google/protobuf/protobuf-java/3.21.2/protobuf-java-3.21.2.jar:/Users/edwinchen/.m2/repository/io/grpc/grpc-api/1.47.0/grpc-api-1.47.0.jar:/Users/edwinchen/.m2/repository/javax/annotation/javax.annotation-api/1.3.2/javax.annotation-api-1.3.2.jar:/Users/edwinchen/.m2/repository/org/apache/arrow/flight-grpc/9.0.0/flight-grpc-9.0.0.jar:/Users/edwinchen/.m2/repository/org/scala-lang/scala-library/2.12.16/scala-library-2.12.16.jar:/Users/edwinchen/.m2/repository/org/apache/arrow/arrow-memory/0.17.0/arrow-memory-0.17.0.jar:/Users/edwinchen/.m2/repository/io/netty/netty-common/4.1.27.Final/netty-common-4.1.27.Final.jar:/Users/edwinchen/.m2/repository/org/slf4j/jul-to-slf4j/1.7.36/jul-to-slf4j-1.7.36.jar:/Users/edwinchen/.m2/repository/org/apache/arrow/flight-core/9.0.0/flight-core-9.0.0-tests.jar:/Users/edwinchen/.m2/repository/org/slf4j/jcl-over-slf4j/1.7.36/jcl-over-slf4j-1.7.36.jar:/Users/edwinchen/.m2/repository/org/slf4j/log4j-over-slf4j/1.7.36/log4j-over-slf4j-1.7.36.jar:/Users/edwinchen/.m2/repository/ch/qos/logback/logback-classic/1.2.11/logback-classic-1.2.11.jar:/Users/edwinchen/.m2/repository/ch/qos/logback/logback-core/1.2.11/logback-core-1.2.11.jar:/Users/edwinchen/.m2/repository/de/huxhorn/lilith/de.huxhorn.lilith.logback.appender.multiplex-classic/8.3.0/de.huxhorn.lilith.logback.appender.multiplex-classic-8.3.0.jar:/Users/edwinchen/.m2/repository/de/huxhorn/sulky/de.huxhorn.sulky.codec/8.3.0/de.huxhorn.sulky.codec-8.3.0.jar:/Users/edwinchen/.m2/repository/de/huxhorn/lilith/de.huxhorn.lilith.data.logging.protobuf/8.3.0/de.huxhorn.lilith.data.logging.protobuf-8.3.0.jar:/Users/edwinchen/.m2/repository/de/huxhorn/lilith/de.huxhorn.lilith.data.eventsource/8.3.0/de.huxhorn.lilith.data.eventsource-8.3.0.jar:/Users/edwinchen/.m2/repository/de/huxhorn/lilith/de.huxhorn.lilith.data.logging/8.3.0/de.huxhorn.lilith.data.logging-8.3.0.jar:/Users/edwinchen/.m2/repository/de/huxhorn/sulky/de.huxhorn.sulky.formatting/8.3.0/de.huxhorn.sulky.formatting-8.3.0.jar:/Users/edwinchen/.m2/repository/de/huxhorn/lilith/de.huxhorn.lilith.sender/8.3.0/de.huxhorn.lilith.sender-8.3.0.jar:/Users/edwinchen/.m2/repository/de/huxhorn/sulky/de.huxhorn.sulky.io/8.3.0/de.huxhorn.sulky.io-8.3.0.jar:/Users/edwinchen/.m2/repository/de/huxhorn/lilith/de.huxhorn.lilith.logback.converter-classic/8.3.0/de.huxhorn.lilith.logback.converter-classic-8.3.0.jar:/Users/edwinchen/.m2/repository/de/huxhorn/lilith/de.huxhorn.lilith.data.converter/8.3.0/de.huxhorn.lilith.data.converter-8.3.0.jar:/Users/edwinchen/.m2/repository/de/huxhorn/lilith/de.huxhorn.lilith.logback.classic/8.3.0/de.huxhorn.lilith.logback.classic-8.3.0.jar:/Users/edwinchen/.m2/repository/de/huxhorn/lilith/de.huxhorn.lilith.logback.appender.multiplex-core/8.3.0/de.huxhorn.lilith.logback.appender.multiplex-core-8.3.0.jar:/Users/edwinchen/.m2/repository/de/huxhorn/sulky/de.huxhorn.sulky.ulid/8.3.0/de.huxhorn.sulky.ulid-8.3.0.jar:/Users/edwinchen/.m2/repository/junit/junit/4.13.2/junit-4.13.2.jar:/Users/edwinchen/.m2/repository/org/hamcrest/hamcrest-core/1.3/hamcrest-core-1.3.jar:/Users/edwinchen/.m2/repository/org/hamcrest/hamcrest-all/1.3/hamcrest-all-1.3.jar:/Users/edwinchen/.m2/repository/org/mockito/mockito-core/2.7.5/mockito-core-2.7.5.jar:/Users/edwinchen/.m2/repository/net/bytebuddy/byte-buddy/1.6.5/byte-buddy-1.6.5.jar:/Users/edwinchen/.m2/repository/net/bytebuddy/byte-buddy-agent/1.6.5/byte-buddy-agent-1.6.5.jar:/Users/edwinchen/.m2/repository/org/objenesis/objenesis/2.5/objenesis-2.5.jar:/Users/edwinchen/.m2/repository/com/opencsv/opencsv/5.6/opencsv-5.6.jar:/Users/edwinchen/.m2/repository/commons-beanutils/commons-beanutils/1.9.4/commons-beanutils-1.9.4.jar:/Users/edwinchen/.m2/repository/commons-logging/commons-logging/1.2/commons-logging-1.2.jar:/Users/edwinchen/.m2/repository/org/apache/commons/commons-collections4/4.4/commons-collections4-4.4.jar:/Users/edwinchen/.m2/repository/org/springframework/retry/spring-retry/1.2.5.RELEASE/spring-retry-1.2.5.RELEASE.jar:/Users/edwinchen/.m2/repository/org/springframework/spring-core/5.2.22.RELEASE/spring-core-5.2.22.RELEASE.jar:/Users/edwinchen/.m2/repository/org/springframework/spring-jcl/5.2.22.RELEASE/spring-jcl-5.2.22.RELEASE.jar:/Users/edwinchen/.m2/repository/com/datadoghq/java-dogstatsd-client/4.0.0/java-dogstatsd-client-4.0.0.jar:/Users/edwinchen/.m2/repository/com/github/jnr/jnr-unixsocket/0.36/jnr-unixsocket-0.36.jar:/Users/edwinchen/.m2/repository/com/github/jnr/jnr-ffi/2.1.16/jnr-ffi-2.1.16.jar:/Users/edwinchen/.m2/repository/com/github/jnr/jffi/1.2.23/jffi-1.2.23.jar:/Users/edwinchen/.m2/repository/com/github/jnr/jffi/1.2.23/jffi-1.2.23-native.jar:/Users/edwinchen/.m2/repository/org/ow2/asm/asm/7.1/asm-7.1.jar:/Users/edwinchen/.m2/repository/org/ow2/asm/asm-commons/7.1/asm-commons-7.1.jar:/Users/edwinchen/.m2/repository/org/ow2/asm/asm-analysis/7.1/asm-analysis-7.1.jar:/Users/edwinchen/.m2/repository/org/ow2/asm/asm-tree/7.1/asm-tree-7.1.jar:/Users/edwinchen/.m2/repository/org/ow2/asm/asm-util/7.1/asm-util-7.1.jar:/Users/edwinchen/.m2/repository/com/github/jnr/jnr-a64asm/1.0.0/jnr-a64asm-1.0.0.jar:/Users/edwinchen/.m2/repository/com/github/jnr/jnr-x86asm/1.0.2/jnr-x86asm-1.0.2.jar:/Users/edwinchen/.m2/repository/com/github/jnr/jnr-constants/0.9.17/jnr-constants-0.9.17.jar:/Users/edwinchen/.m2/repository/com/github/jnr/jnr-enxio/0.30/jnr-enxio-0.30.jar:/Users/edwinchen/.m2/repository/com/github/jnr/jnr-posix/3.0.61/jnr-posix-3.0.61.jar:"/>
    <property name="java.vm.vendor" value="Azul Systems, Inc."/>
    <property name="sun.arch.data.model" value="64"/>
    <property name="java.vendor.url" value="http://www.azul.com/"/>
    <property name="user.timezone" value="America/Vancouver"/>
    <property name="java.vm.specification.version" value="1.8"/>
    <property name="os.name" value="Mac OS X"/>
    <property name="user.country" value="CA"/>
    <property name="sun.java.launcher" value="SUN_STANDARD"/>
    <property name="sun.boot.library.path" value="/Library/Java/JavaVirtualMachines/zulu-8.jdk/Contents/Home/jre/lib"/>
    <property name="sun.java.command" value="/Users/edwinchen/workplace/flight-spark-source-2/target/surefire/surefirebooter-20240213145516169_3.jar /Users/edwinchen/workplace/flight-spark-source-2/target/surefire 2024-02-13T14-55-15_779-jvmRun1 surefire-20240213145516169_1tmp surefire_0-20240213145516169_2tmp"/>
    <property name="surefire.test.class.path" value="/Users/edwinchen/workplace/flight-spark-source-2/target/test-classes:/Users/edwinchen/workplace/flight-spark-source-2/target/classes:/Users/edwinchen/.m2/repository/org/apache/commons/commons-lang3/3.12.0/commons-lang3-3.12.0.jar:/Users/edwinchen/.m2/repository/org/apache/spark/spark-core_2.12/3.2.3/spark-core_2.12-3.2.3.jar:/Users/edwinchen/.m2/repository/org/apache/avro/avro/1.10.2/avro-1.10.2.jar:/Users/edwinchen/.m2/repository/com/fasterxml/jackson/core/jackson-core/2.12.2/jackson-core-2.12.2.jar:/Users/edwinchen/.m2/repository/org/apache/commons/commons-compress/1.20/commons-compress-1.20.jar:/Users/edwinchen/.m2/repository/org/apache/avro/avro-mapred/1.10.2/avro-mapred-1.10.2.jar:/Users/edwinchen/.m2/repository/org/apache/avro/avro-ipc/1.10.2/avro-ipc-1.10.2.jar:/Users/edwinchen/.m2/repository/org/tukaani/xz/1.8/xz-1.8.jar:/Users/edwinchen/.m2/repository/com/twitter/chill_2.12/0.10.0/chill_2.12-0.10.0.jar:/Users/edwinchen/.m2/repository/com/esotericsoftware/kryo-shaded/4.0.2/kryo-shaded-4.0.2.jar:/Users/edwinchen/.m2/repository/com/esotericsoftware/minlog/1.3.0/minlog-1.3.0.jar:/Users/edwinchen/.m2/repository/com/twitter/chill-java/0.10.0/chill-java-0.10.0.jar:/Users/edwinchen/.m2/repository/org/apache/xbean/xbean-asm9-shaded/4.20/xbean-asm9-shaded-4.20.jar:/Users/edwinchen/.m2/repository/org/apache/hadoop/hadoop-client-api/3.3.1/hadoop-client-api-3.3.1.jar:/Users/edwinchen/.m2/repository/org/apache/hadoop/hadoop-client-runtime/3.3.1/hadoop-client-runtime-3.3.1.jar:/Users/edwinchen/.m2/repository/org/apache/htrace/htrace-core4/4.1.0-incubating/htrace-core4-4.1.0-incubating.jar:/Users/edwinchen/.m2/repository/org/apache/spark/spark-launcher_2.12/3.2.3/spark-launcher_2.12-3.2.3.jar:/Users/edwinchen/.m2/repository/org/apache/spark/spark-kvstore_2.12/3.2.3/spark-kvstore_2.12-3.2.3.jar:/Users/edwinchen/.m2/repository/org/fusesource/leveldbjni/leveldbjni-all/1.8/leveldbjni-all-1.8.jar:/Users/edwinchen/.m2/repository/com/fasterxml/jackson/core/jackson-annotations/2.12.3/jackson-annotations-2.12.3.jar:/Users/edwinchen/.m2/repository/org/apache/spark/spark-network-common_2.12/3.2.3/spark-network-common_2.12-3.2.3.jar:/Users/edwinchen/.m2/repository/com/google/crypto/tink/tink/1.6.0/tink-1.6.0.jar:/Users/edwinchen/.m2/repository/org/apache/spark/spark-network-shuffle_2.12/3.2.3/spark-network-shuffle_2.12-3.2.3.jar:/Users/edwinchen/.m2/repository/org/apache/spark/spark-unsafe_2.12/3.2.3/spark-unsafe_2.12-3.2.3.jar:/Users/edwinchen/.m2/repository/javax/activation/activation/1.1.1/activation-1.1.1.jar:/Users/edwinchen/.m2/repository/org/apache/curator/curator-recipes/2.13.0/curator-recipes-2.13.0.jar:/Users/edwinchen/.m2/repository/org/apache/curator/curator-framework/2.13.0/curator-framework-2.13.0.jar:/Users/edwinchen/.m2/repository/org/apache/curator/curator-client/2.13.0/curator-client-2.13.0.jar:/Users/edwinchen/.m2/repository/org/apache/zookeeper/zookeeper/3.6.2/zookeeper-3.6.2.jar:/Users/edwinchen/.m2/repository/commons-lang/commons-lang/2.6/commons-lang-2.6.jar:/Users/edwinchen/.m2/repository/org/apache/zookeeper/zookeeper-jute/3.6.2/zookeeper-jute-3.6.2.jar:/Users/edwinchen/.m2/repository/org/apache/yetus/audience-annotations/0.5.0/audience-annotations-0.5.0.jar:/Users/edwinchen/.m2/repository/jakarta/servlet/jakarta.servlet-api/4.0.3/jakarta.servlet-api-4.0.3.jar:/Users/edwinchen/.m2/repository/commons-codec/commons-codec/1.15/commons-codec-1.15.jar:/Users/edwinchen/.m2/repository/org/apache/commons/commons-math3/3.4.1/commons-math3-3.4.1.jar:/Users/edwinchen/.m2/repository/org/apache/commons/commons-text/1.10.0/commons-text-1.10.0.jar:/Users/edwinchen/.m2/repository/commons-io/commons-io/2.8.0/commons-io-2.8.0.jar:/Users/edwinchen/.m2/repository/commons-collections/commons-collections/3.2.2/commons-collections-3.2.2.jar:/Users/edwinchen/.m2/repository/com/google/code/findbugs/jsr305/3.0.0/jsr305-3.0.0.jar:/Users/edwinchen/.m2/repository/org/slf4j/slf4j-api/1.7.30/slf4j-api-1.7.30.jar:/Users/edwinchen/.m2/repository/com/ning/compress-lzf/1.0.3/compress-lzf-1.0.3.jar:/Users/edwinchen/.m2/repository/org/xerial/snappy/snappy-java/1.1.8.4/snappy-java-1.1.8.4.jar:/Users/edwinchen/.m2/repository/org/lz4/lz4-java/1.7.1/lz4-java-1.7.1.jar:/Users/edwinchen/.m2/repository/com/github/luben/zstd-jni/1.5.0-4/zstd-jni-1.5.0-4.jar:/Users/edwinchen/.m2/repository/org/roaringbitmap/RoaringBitmap/0.9.0/RoaringBitmap-0.9.0.jar:/Users/edwinchen/.m2/repository/org/roaringbitmap/shims/0.9.0/shims-0.9.0.jar:/Users/edwinchen/.m2/repository/commons-net/commons-net/3.1/commons-net-3.1.jar:/Users/edwinchen/.m2/repository/org/scala-lang/modules/scala-xml_2.12/1.2.0/scala-xml_2.12-1.2.0.jar:/Users/edwinchen/.m2/repository/org/scala-lang/scala-reflect/2.12.15/scala-reflect-2.12.15.jar:/Users/edwinchen/.m2/repository/org/json4s/json4s-jackson_2.12/3.7.0-M11/json4s-jackson_2.12-3.7.0-M11.jar:/Users/edwinchen/.m2/repository/org/json4s/json4s-core_2.12/3.7.0-M11/json4s-core_2.12-3.7.0-M11.jar:/Users/edwinchen/.m2/repository/org/json4s/json4s-ast_2.12/3.7.0-M11/json4s-ast_2.12-3.7.0-M11.jar:/Users/edwinchen/.m2/repository/org/json4s/json4s-scalap_2.12/3.7.0-M11/json4s-scalap_2.12-3.7.0-M11.jar:/Users/edwinchen/.m2/repository/org/glassfish/jersey/core/jersey-client/2.34/jersey-client-2.34.jar:/Users/edwinchen/.m2/repository/jakarta/ws/rs/jakarta.ws.rs-api/2.1.6/jakarta.ws.rs-api-2.1.6.jar:/Users/edwinchen/.m2/repository/org/glassfish/hk2/external/jakarta.inject/2.6.1/jakarta.inject-2.6.1.jar:/Users/edwinchen/.m2/repository/org/glassfish/jersey/core/jersey-common/2.34/jersey-common-2.34.jar:/Users/edwinchen/.m2/repository/jakarta/annotation/jakarta.annotation-api/1.3.5/jakarta.annotation-api-1.3.5.jar:/Users/edwinchen/.m2/repository/org/glassfish/hk2/osgi-resource-locator/1.0.3/osgi-resource-locator-1.0.3.jar:/Users/edwinchen/.m2/repository/org/glassfish/jersey/core/jersey-server/2.34/jersey-server-2.34.jar:/Users/edwinchen/.m2/repository/jakarta/validation/jakarta.validation-api/2.0.2/jakarta.validation-api-2.0.2.jar:/Users/edwinchen/.m2/repository/org/glassfish/jersey/containers/jersey-container-servlet/2.34/jersey-container-servlet-2.34.jar:/Users/edwinchen/.m2/repository/org/glassfish/jersey/containers/jersey-container-servlet-core/2.34/jersey-container-servlet-core-2.34.jar:/Users/edwinchen/.m2/repository/org/glassfish/jersey/inject/jersey-hk2/2.34/jersey-hk2-2.34.jar:/Users/edwinchen/.m2/repository/org/glassfish/hk2/hk2-locator/2.6.1/hk2-locator-2.6.1.jar:/Users/edwinchen/.m2/repository/org/glassfish/hk2/external/aopalliance-repackaged/2.6.1/aopalliance-repackaged-2.6.1.jar:/Users/edwinchen/.m2/repository/org/glassfish/hk2/hk2-api/2.6.1/hk2-api-2.6.1.jar:/Users/edwinchen/.m2/repository/org/glassfish/hk2/hk2-utils/2.6.1/hk2-utils-2.6.1.jar:/Users/edwinchen/.m2/repository/org/javassist/javassist/3.25.0-GA/javassist-3.25.0-GA.jar:/Users/edwinchen/.m2/repository/io/netty/netty-all/4.1.68.Final/netty-all-4.1.68.Final.jar:/Users/edwinchen/.m2/repository/com/clearspring/analytics/stream/2.9.6/stream-2.9.6.jar:/Users/edwinchen/.m2/repository/io/dropwizard/metrics/metrics-core/4.2.0/metrics-core-4.2.0.jar:/Users/edwinchen/.m2/repository/io/dropwizard/metrics/metrics-jvm/4.2.0/metrics-jvm-4.2.0.jar:/Users/edwinchen/.m2/repository/io/dropwizard/metrics/metrics-json/4.2.0/metrics-json-4.2.0.jar:/Users/edwinchen/.m2/repository/io/dropwizard/metrics/metrics-graphite/4.2.0/metrics-graphite-4.2.0.jar:/Users/edwinchen/.m2/repository/io/dropwizard/metrics/metrics-jmx/4.2.0/metrics-jmx-4.2.0.jar:/Users/edwinchen/.m2/repository/com/fasterxml/jackson/core/jackson-databind/2.12.3/jackson-databind-2.12.3.jar:/Users/edwinchen/.m2/repository/com/fasterxml/jackson/module/jackson-module-scala_2.12/2.12.3/jackson-module-scala_2.12-2.12.3.jar:/Users/edwinchen/.m2/repository/com/thoughtworks/paranamer/paranamer/2.8/paranamer-2.8.jar:/Users/edwinchen/.m2/repository/org/apache/ivy/ivy/2.5.0/ivy-2.5.0.jar:/Users/edwinchen/.m2/repository/oro/oro/2.0.8/oro-2.0.8.jar:/Users/edwinchen/.m2/repository/net/razorvine/pyrolite/4.30/pyrolite-4.30.jar:/Users/edwinchen/.m2/repository/net/sf/py4j/py4j/0.10.9.5/py4j-0.10.9.5.jar:/Users/edwinchen/.m2/repository/org/apache/spark/spark-tags_2.12/3.2.3/spark-tags_2.12-3.2.3.jar:/Users/edwinchen/.m2/repository/org/apache/commons/commons-crypto/1.1.0/commons-crypto-1.1.0.jar:/Users/edwinchen/.m2/repository/org/spark-project/spark/unused/1.0.0/unused-1.0.0.jar:/Users/edwinchen/.m2/repository/org/apache/spark/spark-sql_2.12/3.2.3/spark-sql_2.12-3.2.3.jar:/Users/edwinchen/.m2/repository/org/rocksdb/rocksdbjni/6.20.3/rocksdbjni-6.20.3.jar:/Users/edwinchen/.m2/repository/com/univocity/univocity-parsers/2.9.1/univocity-parsers-2.9.1.jar:/Users/edwinchen/.m2/repository/org/apache/spark/spark-sketch_2.12/3.2.3/spark-sketch_2.12-3.2.3.jar:/Users/edwinchen/.m2/repository/org/apache/spark/spark-catalyst_2.12/3.2.3/spark-catalyst_2.12-3.2.3.jar:/Users/edwinchen/.m2/repository/org/scala-lang/modules/scala-parser-combinators_2.12/1.1.2/scala-parser-combinators_2.12-1.1.2.jar:/Users/edwinchen/.m2/repository/org/codehaus/janino/janino/3.0.16/janino-3.0.16.jar:/Users/edwinchen/.m2/repository/org/codehaus/janino/commons-compiler/3.0.16/commons-compiler-3.0.16.jar:/Users/edwinchen/.m2/repository/org/antlr/antlr4-runtime/4.8/antlr4-runtime-4.8.jar:/Users/edwinchen/.m2/repository/javax/xml/bind/jaxb-api/2.2.11/jaxb-api-2.2.11.jar:/Users/edwinchen/.m2/repository/org/apache/orc/orc-core/1.6.14/orc-core-1.6.14.jar:/Users/edwinchen/.m2/repository/org/apache/orc/orc-shims/1.6.14/orc-shims-1.6.14.jar:/Users/edwinchen/.m2/repository/io/airlift/aircompressor/0.21/aircompressor-0.21.jar:/Users/edwinchen/.m2/repository/org/jetbrains/annotations/17.0.0/annotations-17.0.0.jar:/Users/edwinchen/.m2/repository/org/threeten/threeten-extra/1.5.0/threeten-extra-1.5.0.jar:/Users/edwinchen/.m2/repository/org/apache/orc/orc-mapreduce/1.6.14/orc-mapreduce-1.6.14.jar:/Users/edwinchen/.m2/repository/org/apache/hive/hive-storage-api/2.7.2/hive-storage-api-2.7.2.jar:/Users/edwinchen/.m2/repository/org/apache/parquet/parquet-column/1.12.2/parquet-column-1.12.2.jar:/Users/edwinchen/.m2/repository/org/apache/parquet/parquet-common/1.12.2/parquet-common-1.12.2.jar:/Users/edwinchen/.m2/repository/org/apache/parquet/parquet-encoding/1.12.2/parquet-encoding-1.12.2.jar:/Users/edwinchen/.m2/repository/org/apache/parquet/parquet-hadoop/1.12.2/parquet-hadoop-1.12.2.jar:/Users/edwinchen/.m2/repository/org/apache/parquet/parquet-format-structures/1.12.2/parquet-format-structures-1.12.2.jar:/Users/edwinchen/.m2/repository/org/apache/parquet/parquet-jackson/1.12.2/parquet-jackson-1.12.2.jar:/Users/edwinchen/.m2/repository/org/apache/arrow/flight-core/9.0.0/flight-core-9.0.0.jar:/Users/edwinchen/.m2/repository/org/apache/arrow/arrow-format/9.0.0/arrow-format-9.0.0.jar:/Users/edwinchen/.m2/repository/com/google/flatbuffers/flatbuffers-java/1.12.0/flatbuffers-java-1.12.0.jar:/Users/edwinchen/.m2/repository/org/apache/arrow/arrow-vector/9.0.0/arrow-vector-9.0.0.jar:/Users/edwinchen/.m2/repository/com/fasterxml/jackson/datatype/jackson-datatype-jsr310/2.13.2/jackson-datatype-jsr310-2.13.2.jar:/Users/edwinchen/.m2/repository/org/apache/arrow/arrow-memory-core/9.0.0/arrow-memory-core-9.0.0.jar:/Users/edwinchen/.m2/repository/org/apache/arrow/arrow-memory-netty/9.0.0/arrow-memory-netty-9.0.0.jar:/Users/edwinchen/.m2/repository/io/grpc/grpc-netty/1.47.0/grpc-netty-1.47.0.jar:/Users/edwinchen/.m2/repository/io/netty/netty-codec-http2/4.1.72.Final/netty-codec-http2-4.1.72.Final.jar:/Users/edwinchen/.m2/repository/io/netty/netty-codec-http/4.1.72.Final/netty-codec-http-4.1.72.Final.jar:/Users/edwinchen/.m2/repository/io/netty/netty-handler-proxy/4.1.72.Final/netty-handler-proxy-4.1.72.Final.jar:/Users/edwinchen/.m2/repository/io/netty/netty-codec-socks/4.1.72.Final/netty-codec-socks-4.1.72.Final.jar:/Users/edwinchen/.m2/repository/com/google/errorprone/error_prone_annotations/2.10.0/error_prone_annotations-2.10.0.jar:/Users/edwinchen/.m2/repository/io/perfmark/perfmark-api/0.25.0/perfmark-api-0.25.0.jar:/Users/edwinchen/.m2/repository/io/netty/netty-transport-native-unix-common/4.1.72.Final/netty-transport-native-unix-common-4.1.72.Final.jar:/Users/edwinchen/.m2/repository/io/grpc/grpc-core/1.47.0/grpc-core-1.47.0.jar:/Users/edwinchen/.m2/repository/com/google/code/gson/gson/2.9.0/gson-2.9.0.jar:/Users/edwinchen/.m2/repository/com/google/android/annotations/4.1.1.4/annotations-4.1.1.4.jar:/Users/edwinchen/.m2/repository/org/codehaus/mojo/animal-sniffer-annotations/1.19/animal-sniffer-annotations-1.19.jar:/Users/edwinchen/.m2/repository/io/grpc/grpc-context/1.47.0/grpc-context-1.47.0.jar:/Users/edwinchen/.m2/repository/io/grpc/grpc-protobuf/1.47.0/grpc-protobuf-1.47.0.jar:/Users/edwinchen/.m2/repository/com/google/api/grpc/proto-google-common-protos/2.0.1/proto-google-common-protos-2.0.1.jar:/Users/edwinchen/.m2/repository/io/grpc/grpc-protobuf-lite/1.47.0/grpc-protobuf-lite-1.47.0.jar:/Users/edwinchen/.m2/repository/io/netty/netty-tcnative-boringssl-static/2.0.53.Final/netty-tcnative-boringssl-static-2.0.53.Final.jar:/Users/edwinchen/.m2/repository/io/netty/netty-tcnative-classes/2.0.53.Final/netty-tcnative-classes-2.0.53.Final.jar:/Users/edwinchen/.m2/repository/io/netty/netty-tcnative-boringssl-static/2.0.53.Final/netty-tcnative-boringssl-static-2.0.53.Final-linux-x86_64.jar:/Users/edwinchen/.m2/repository/io/netty/netty-tcnative-boringssl-static/2.0.53.Final/netty-tcnative-boringssl-static-2.0.53.Final-linux-aarch_64.jar:/Users/edwinchen/.m2/repository/io/netty/netty-tcnative-boringssl-static/2.0.53.Final/netty-tcnative-boringssl-static-2.0.53.Final-osx-x86_64.jar:/Users/edwinchen/.m2/repository/io/netty/netty-tcnative-boringssl-static/2.0.53.Final/netty-tcnative-boringssl-static-2.0.53.Final-osx-aarch_64.jar:/Users/edwinchen/.m2/repository/io/netty/netty-tcnative-boringssl-static/2.0.53.Final/netty-tcnative-boringssl-static-2.0.53.Final-windows-x86_64.jar:/Users/edwinchen/.m2/repository/io/netty/netty-buffer/4.1.78.Final/netty-buffer-4.1.78.Final.jar:/Users/edwinchen/.m2/repository/io/netty/netty-handler/4.1.78.Final/netty-handler-4.1.78.Final.jar:/Users/edwinchen/.m2/repository/io/netty/netty-resolver/4.1.78.Final/netty-resolver-4.1.78.Final.jar:/Users/edwinchen/.m2/repository/io/netty/netty-codec/4.1.78.Final/netty-codec-4.1.78.Final.jar:/Users/edwinchen/.m2/repository/io/netty/netty-transport/4.1.78.Final/netty-transport-4.1.78.Final.jar:/Users/edwinchen/.m2/repository/com/google/guava/guava/30.1.1-jre/guava-30.1.1-jre.jar:/Users/edwinchen/.m2/repository/com/google/guava/failureaccess/1.0.1/failureaccess-1.0.1.jar:/Users/edwinchen/.m2/repository/com/google/guava/listenablefuture/9999.0-empty-to-avoid-conflict-with-guava/listenablefuture-9999.0-empty-to-avoid-conflict-with-guava.jar:/Users/edwinchen/.m2/repository/org/checkerframework/checker-qual/3.8.0/checker-qual-3.8.0.jar:/Users/edwinchen/.m2/repository/com/google/j2objc/j2objc-annotations/1.3/j2objc-annotations-1.3.jar:/Users/edwinchen/.m2/repository/io/grpc/grpc-stub/1.47.0/grpc-stub-1.47.0.jar:/Users/edwinchen/.m2/repository/com/google/protobuf/protobuf-java/3.21.2/protobuf-java-3.21.2.jar:/Users/edwinchen/.m2/repository/io/grpc/grpc-api/1.47.0/grpc-api-1.47.0.jar:/Users/edwinchen/.m2/repository/javax/annotation/javax.annotation-api/1.3.2/javax.annotation-api-1.3.2.jar:/Users/edwinchen/.m2/repository/org/apache/arrow/flight-grpc/9.0.0/flight-grpc-9.0.0.jar:/Users/edwinchen/.m2/repository/org/scala-lang/scala-library/2.12.16/scala-library-2.12.16.jar:/Users/edwinchen/.m2/repository/org/apache/arrow/arrow-memory/0.17.0/arrow-memory-0.17.0.jar:/Users/edwinchen/.m2/repository/io/netty/netty-common/4.1.27.Final/netty-common-4.1.27.Final.jar:/Users/edwinchen/.m2/repository/org/slf4j/jul-to-slf4j/1.7.36/jul-to-slf4j-1.7.36.jar:/Users/edwinchen/.m2/repository/org/apache/arrow/flight-core/9.0.0/flight-core-9.0.0-tests.jar:/Users/edwinchen/.m2/repository/org/slf4j/jcl-over-slf4j/1.7.36/jcl-over-slf4j-1.7.36.jar:/Users/edwinchen/.m2/repository/org/slf4j/log4j-over-slf4j/1.7.36/log4j-over-slf4j-1.7.36.jar:/Users/edwinchen/.m2/repository/ch/qos/logback/logback-classic/1.2.11/logback-classic-1.2.11.jar:/Users/edwinchen/.m2/repository/ch/qos/logback/logback-core/1.2.11/logback-core-1.2.11.jar:/Users/edwinchen/.m2/repository/de/huxhorn/lilith/de.huxhorn.lilith.logback.appender.multiplex-classic/8.3.0/de.huxhorn.lilith.logback.appender.multiplex-classic-8.3.0.jar:/Users/edwinchen/.m2/repository/de/huxhorn/sulky/de.huxhorn.sulky.codec/8.3.0/de.huxhorn.sulky.codec-8.3.0.jar:/Users/edwinchen/.m2/repository/de/huxhorn/lilith/de.huxhorn.lilith.data.logging.protobuf/8.3.0/de.huxhorn.lilith.data.logging.protobuf-8.3.0.jar:/Users/edwinchen/.m2/repository/de/huxhorn/lilith/de.huxhorn.lilith.data.eventsource/8.3.0/de.huxhorn.lilith.data.eventsource-8.3.0.jar:/Users/edwinchen/.m2/repository/de/huxhorn/lilith/de.huxhorn.lilith.data.logging/8.3.0/de.huxhorn.lilith.data.logging-8.3.0.jar:/Users/edwinchen/.m2/repository/de/huxhorn/sulky/de.huxhorn.sulky.formatting/8.3.0/de.huxhorn.sulky.formatting-8.3.0.jar:/Users/edwinchen/.m2/repository/de/huxhorn/lilith/de.huxhorn.lilith.sender/8.3.0/de.huxhorn.lilith.sender-8.3.0.jar:/Users/edwinchen/.m2/repository/de/huxhorn/sulky/de.huxhorn.sulky.io/8.3.0/de.huxhorn.sulky.io-8.3.0.jar:/Users/edwinchen/.m2/repository/de/huxhorn/lilith/de.huxhorn.lilith.logback.converter-classic/8.3.0/de.huxhorn.lilith.logback.converter-classic-8.3.0.jar:/Users/edwinchen/.m2/repository/de/huxhorn/lilith/de.huxhorn.lilith.data.converter/8.3.0/de.huxhorn.lilith.data.converter-8.3.0.jar:/Users/edwinchen/.m2/repository/de/huxhorn/lilith/de.huxhorn.lilith.logback.classic/8.3.0/de.huxhorn.lilith.logback.classic-8.3.0.jar:/Users/edwinchen/.m2/repository/de/huxhorn/lilith/de.huxhorn.lilith.logback.appender.multiplex-core/8.3.0/de.huxhorn.lilith.logback.appender.multiplex-core-8.3.0.jar:/Users/edwinchen/.m2/repository/de/huxhorn/sulky/de.huxhorn.sulky.ulid/8.3.0/de.huxhorn.sulky.ulid-8.3.0.jar:/Users/edwinchen/.m2/repository/junit/junit/4.13.2/junit-4.13.2.jar:/Users/edwinchen/.m2/repository/org/hamcrest/hamcrest-core/1.3/hamcrest-core-1.3.jar:/Users/edwinchen/.m2/repository/org/hamcrest/hamcrest-all/1.3/hamcrest-all-1.3.jar:/Users/edwinchen/.m2/repository/org/mockito/mockito-core/2.7.5/mockito-core-2.7.5.jar:/Users/edwinchen/.m2/repository/net/bytebuddy/byte-buddy/1.6.5/byte-buddy-1.6.5.jar:/Users/edwinchen/.m2/repository/net/bytebuddy/byte-buddy-agent/1.6.5/byte-buddy-agent-1.6.5.jar:/Users/edwinchen/.m2/repository/org/objenesis/objenesis/2.5/objenesis-2.5.jar:/Users/edwinchen/.m2/repository/com/opencsv/opencsv/5.6/opencsv-5.6.jar:/Users/edwinchen/.m2/repository/commons-beanutils/commons-beanutils/1.9.4/commons-beanutils-1.9.4.jar:/Users/edwinchen/.m2/repository/commons-logging/commons-logging/1.2/commons-logging-1.2.jar:/Users/edwinchen/.m2/repository/org/apache/commons/commons-collections4/4.4/commons-collections4-4.4.jar:/Users/edwinchen/.m2/repository/org/springframework/retry/spring-retry/1.2.5.RELEASE/spring-retry-1.2.5.RELEASE.jar:/Users/edwinchen/.m2/repository/org/springframework/spring-core/5.2.22.RELEASE/spring-core-5.2.22.RELEASE.jar:/Users/edwinchen/.m2/repository/org/springframework/spring-jcl/5.2.22.RELEASE/spring-jcl-5.2.22.RELEASE.jar:/Users/edwinchen/.m2/repository/com/datadoghq/java-dogstatsd-client/4.0.0/java-dogstatsd-client-4.0.0.jar:/Users/edwinchen/.m2/repository/com/github/jnr/jnr-unixsocket/0.36/jnr-unixsocket-0.36.jar:/Users/edwinchen/.m2/repository/com/github/jnr/jnr-ffi/2.1.16/jnr-ffi-2.1.16.jar:/Users/edwinchen/.m2/repository/com/github/jnr/jffi/1.2.23/jffi-1.2.23.jar:/Users/edwinchen/.m2/repository/com/github/jnr/jffi/1.2.23/jffi-1.2.23-native.jar:/Users/edwinchen/.m2/repository/org/ow2/asm/asm/7.1/asm-7.1.jar:/Users/edwinchen/.m2/repository/org/ow2/asm/asm-commons/7.1/asm-commons-7.1.jar:/Users/edwinchen/.m2/repository/org/ow2/asm/asm-analysis/7.1/asm-analysis-7.1.jar:/Users/edwinchen/.m2/repository/org/ow2/asm/asm-tree/7.1/asm-tree-7.1.jar:/Users/edwinchen/.m2/repository/org/ow2/asm/asm-util/7.1/asm-util-7.1.jar:/Users/edwinchen/.m2/repository/com/github/jnr/jnr-a64asm/1.0.0/jnr-a64asm-1.0.0.jar:/Users/edwinchen/.m2/repository/com/github/jnr/jnr-x86asm/1.0.2/jnr-x86asm-1.0.2.jar:/Users/edwinchen/.m2/repository/com/github/jnr/jnr-constants/0.9.17/jnr-constants-0.9.17.jar:/Users/edwinchen/.m2/repository/com/github/jnr/jnr-enxio/0.30/jnr-enxio-0.30.jar:/Users/edwinchen/.m2/repository/com/github/jnr/jnr-posix/3.0.61/jnr-posix-3.0.61.jar:"/>
    <property name="sun.cpu.endian" value="little"/>
    <property name="user.home" value="/Users/edwinchen"/>
    <property name="user.language" value="en"/>
    <property name="java.specification.vendor" value="Oracle Corporation"/>
    <property name="java.home" value="/Library/Java/JavaVirtualMachines/zulu-8.jdk/Contents/Home/jre"/>
    <property name="basedir" value="/Users/edwinchen/workplace/flight-spark-source-2"/>
    <property name="file.separator" value="/"/>
    <property name="line.separator" value="&#10;"/>
    <property name="jdk.vendor.version" value="Zulu 8.74.0.17-CA-macos-aarch64"/>
    <property name="java.vm.specification.vendor" value="Oracle Corporation"/>
    <property name="java.specification.name" value="Java Platform API Specification"/>
    <property name="java.awt.graphicsenv" value="sun.awt.CGraphicsEnvironment"/>
    <property name="surefire.real.class.path" value="/Users/edwinchen/workplace/flight-spark-source-2/target/surefire/surefirebooter-20240213145516169_3.jar"/>
    <property name="sun.boot.class.path" value="/Library/Java/JavaVirtualMachines/zulu-8.jdk/Contents/Home/jre/lib/resources.jar:/Library/Java/JavaVirtualMachines/zulu-8.jdk/Contents/Home/jre/lib/rt.jar:/Library/Java/JavaVirtualMachines/zulu-8.jdk/Contents/Home/jre/lib/sunrsasign.jar:/Library/Java/JavaVirtualMachines/zulu-8.jdk/Contents/Home/jre/lib/jsse.jar:/Library/Java/JavaVirtualMachines/zulu-8.jdk/Contents/Home/jre/lib/jce.jar:/Library/Java/JavaVirtualMachines/zulu-8.jdk/Contents/Home/jre/lib/charsets.jar:/Library/Java/JavaVirtualMachines/zulu-8.jdk/Contents/Home/jre/lib/jfr.jar:/Library/Java/JavaVirtualMachines/zulu-8.jdk/Contents/Home/jre/lib/cat.jar:/Library/Java/JavaVirtualMachines/zulu-8.jdk/Contents/Home/jre/classes"/>
    <property name="sun.management.compiler" value="HotSpot 64-Bit Tiered Compilers"/>
    <property name="java.runtime.version" value="1.8.0_392-b08"/>
    <property name="user.name" value="edwinchen"/>
    <property name="path.separator" value=":"/>
    <property name="os.version" value="14.3.1"/>
    <property name="java.endorsed.dirs" value="/Library/Java/JavaVirtualMachines/zulu-8.jdk/Contents/Home/jre/lib/endorsed"/>
    <property name="java.runtime.name" value="OpenJDK Runtime Environment"/>
    <property name="file.encoding" value="UTF-8"/>
    <property name="java.vm.name" value="OpenJDK 64-Bit Server VM"/>
    <property name="localRepository" value="/Users/edwinchen/.m2/repository"/>
    <property name="java.vendor.url.bug" value="http://www.azul.com/support/"/>
    <property name="java.io.tmpdir" value="/var/folders/7m/p1cqplnj5wxgdd2jv0brfx5c0000gn/T/"/>
    <property name="java.version" value="1.8.0_392"/>
    <property name="user.dir" value="/Users/edwinchen/workplace/flight-spark-source-2"/>
    <property name="os.arch" value="aarch64"/>
    <property name="java.vm.specification.name" value="Java Virtual Machine Specification"/>
    <property name="java.awt.printerjob" value="sun.lwawt.macosx.CPrinterJob"/>
    <property name="sun.os.patch.level" value="unknown"/>
    <property name="java.library.path" value="/Users/edwinchen/Library/Java/Extensions:/Library/Java/Extensions:/Network/Library/Java/Extensions:/System/Library/Java/Extensions:/usr/lib/java:."/>
    <property name="java.vm.info" value="mixed mode"/>
    <property name="java.vendor" value="Azul Systems, Inc."/>
    <property name="java.vm.version" value="25.392-b08"/>
    <property name="java.specification.maintenance.version" value="5"/>
    <property name="java.ext.dirs" value="/Users/edwinchen/Library/Java/Extensions:/Library/Java/JavaVirtualMachines/zulu-8.jdk/Contents/Home/jre/lib/ext:/Library/Java/Extensions:/Network/Library/Java/Extensions:/System/Library/Java/Extensions:/usr/lib/java"/>
    <property name="sun.io.unicode.encoding" value="UnicodeBig"/>
    <property name="java.class.version" value="52.0"/>
  </properties>
  <testcase name="testSql" classname="org.apache.arrow.flight.spark.TestConnector" time="1.967"/>
  <testcase name="testRead" classname="org.apache.arrow.flight.spark.TestConnector" time="0.119"/>
  <testcase name="testProject" classname="org.apache.arrow.flight.spark.TestConnector" time="0.179"/>
  <testcase name="testConnect" classname="org.apache.arrow.flight.spark.TestConnector" time="0.01"/>
</testsuite>